2025-12-18 08:15:23 INFO Application started successfully
2025-12-18 08:15:45 INFO Database connection established
2025-12-18 08:16:12 INFO User authentication module loaded
2025-12-18 08:20:34 WARNING Slow query detected: SELECT * FROM users
2025-12-18 08:25:17 ERROR Failed to connect to cache server: Connection timeout
2025-12-18 08:25:18 INFO Retrying cache connection...
2025-12-18 08:25:22 INFO Cache connection established
2025-12-18 08:30:45 INFO Processing batch job #1234
2025-12-18 08:35:12 WARNING Memory usage at 75%
2025-12-18 08:40:33 ERROR Database query failed: Table 'orders' doesn't exist
2025-12-18 08:40:34 ERROR Transaction rollback initiated
2025-12-18 08:41:15 INFO Database schema updated
2025-12-18 08:42:00 INFO Batch job #1234 completed successfully
2025-12-18 08:45:23 WARNING API rate limit approaching: 950/1000 requests
2025-12-18 08:50:12 INFO User session cleanup completed
2025-12-18 08:55:34 ERROR Authentication failed for user: admin@example.com
2025-12-18 09:00:00 INFO Hourly health check: All systems operational
2025-12-18 09:05:21 WARNING Disk usage at 82%
2025-12-18 09:10:45 INFO File upload completed: document.pdf
2025-12-18 09:15:33 ERROR Failed to send notification email: SMTP server unreachable
